<?xml version="1.0" encoding="UTF-8"?>
<!-- Generated by org.testng.reporters.JUnitReportReporter -->
<testsuite hostname="DESKTOP-GG1I7P6" failures="0" tests="3" name="com.qa.sel.testCases.LoginPageTest" time="57.937" errors="0" timestamp="2022-02-27T19:11:52 IST" skipped="0">
  <testcase classname="com.qa.sel.testCases.LoginPageTest" name="loginTest" time="21.222"/>
  <system-out/>
  <testcase classname="com.qa.sel.testCases.LoginPageTest" name="loginPageTitleTest" time="14.599"/>
  <system-out/>
  <testcase classname="com.qa.sel.testCases.LoginPageTest" name="bankLogoTest" time="22.116"/>
  <system-out/>
</testsuite> <!-- com.qa.sel.testCases.LoginPageTest -->
