<?xml version="1.0" encoding="UTF-8"?>
<!-- Generated by org.testng.reporters.JUnitReportReporter -->
<testsuite hostname="DESKTOP-GG1I7P6" failures="0" tests="1" name="com.qa.sel.utilities.DataProviders" time="0.014" errors="0" timestamp="2022-02-26T00:20:59 IST" skipped="0">
  <testcase classname="com.qa.sel.utilities.DataProviders" name="testing" time="0.014"/>
  <system-out/>
</testsuite> <!-- com.qa.sel.utilities.DataProviders -->
