<?xml version="1.0" encoding="UTF-8"?>
<!-- Generated by org.testng.reporters.JUnitReportReporter -->
<testsuite hostname="DESKTOP-GG1I7P6" failures="0" tests="1" name="com.qa.sel.testCases.EditCustomerDetailsTest" time="26.828" errors="0" timestamp="2022-02-27T19:11:52 IST" skipped="0">
  <testcase classname="com.qa.sel.testCases.EditCustomerDetailsTest" name="editCustomerDetailTest" time="26.828"/>
  <system-out/>
</testsuite> <!-- com.qa.sel.testCases.EditCustomerDetailsTest -->
