<?xml version="1.0" encoding="UTF-8"?>
<!-- Generated by org.testng.reporters.JUnitReportReporter -->
<testsuite hostname="DESKTOP-GG1I7P6" failures="0" tests="1" name="com.qa.sel.testCases.HomePageTest" time="34.663" errors="0" timestamp="2022-02-27T19:11:52 IST" skipped="0">
  <testcase classname="com.qa.sel.testCases.HomePageTest" name="testAddNewCustomerNavigationTest" time="34.663"/>
  <system-out/>
</testsuite> <!-- com.qa.sel.testCases.HomePageTest -->
